2026-06-02T09:29:55.614+05:30  INFO 28240 --- [student-Registration] [main] .s.r.StudentRegistrationApplicationTests : Starting StudentRegistrationApplicationTests using Java 17 with PID 28240 (started by eCMS in D:\RCSC_SPRMS\SPRMS_BACKEND\SPRMS_STUDENT_REGISTRATION)
2026-06-02T09:29:55.620+05:30  INFO 28240 --- [student-Registration] [main] .s.r.StudentRegistrationApplicationTests : The following 1 profile is active: "dev"
2026-06-02T09:29:56.734+05:30  INFO 28240 --- [student-Registration] [main] .s.d.r.c.RepositoryConfigurationDelegate : Bootstrapping Spring Data JPA repositories in DEFAULT mode.
2026-06-02T09:29:56.922+05:30  INFO 28240 --- [student-Registration] [main] .s.d.r.c.RepositoryConfigurationDelegate : Finished Spring Data repository scanning in 178 ms. Found 7 JPA repository interfaces.
2026-06-02T09:29:58.498+05:30  INFO 28240 --- [student-Registration] [main] o.hibernate.jpa.internal.util.LogHelper  : HHH000204: Processing PersistenceUnitInfo [name: default]
2026-06-02T09:29:58.587+05:30  INFO 28240 --- [student-Registration] [main] org.hibernate.Version                    : HHH000412: Hibernate ORM core version 6.5.3.Final
2026-06-02T09:29:58.640+05:30  INFO 28240 --- [student-Registration] [main] o.h.c.internal.RegionFactoryInitiator    : HHH000026: Second-level cache disabled
2026-06-02T09:29:59.020+05:30  INFO 28240 --- [student-Registration] [main] o.s.o.j.p.SpringPersistenceUnitInfo      : No LoadTimeWeaver setup: ignoring JPA class transformer
2026-06-02T09:29:59.060+05:30  INFO 28240 --- [student-Registration] [main] com.zaxxer.hikari.HikariDataSource       : HikariPool-1 - Starting...
2026-06-02T09:29:59.552+05:30  INFO 28240 --- [student-Registration] [main] com.zaxxer.hikari.pool.HikariPool        : HikariPool-1 - Added connection com.mysql.cj.jdbc.ConnectionImpl@570299e3
2026-06-02T09:29:59.560+05:30  INFO 28240 --- [student-Registration] [main] com.zaxxer.hikari.HikariDataSource       : HikariPool-1 - Start completed.
2026-06-02T09:29:59.637+05:30  WARN 28240 --- [student-Registration] [main] org.hibernate.orm.deprecation            : HHH90000025: MySQLDialect does not need to be specified explicitly using 'hibernate.dialect' (remove the property setting and it will be selected by default)
2026-06-02T09:30:00.777+05:30  INFO 28240 --- [student-Registration] [main] o.h.e.t.j.p.i.JtaPlatformInitiator       : HHH000489: No JTA platform available (set 'hibernate.transaction.jta.platform' to enable JTA platform integration)
2026-06-02T09:30:01.025+05:30  INFO 28240 --- [student-Registration] [main] j.LocalContainerEntityManagerFactoryBean : Initialized JPA EntityManagerFactory for persistence unit 'default'
2026-06-02T09:30:03.205+05:30  INFO 28240 --- [student-Registration] [main] c.s.r.config.Resilience4jConfig          : Retry listener registered for bcseaApi
2026-06-02T09:30:03.656+05:30  WARN 28240 --- [student-Registration] [main] JpaBaseConfiguration$JpaWebConfiguration : spring.jpa.open-in-view is enabled by default. Therefore, database queries may be performed during view rendering. Explicitly configure spring.jpa.open-in-view to disable this warning
2026-06-02T09:30:05.006+05:30  INFO 28240 --- [student-Registration] [main] o.s.m.s.b.SimpleBrokerMessageHandler     : Starting...
2026-06-02T09:30:05.007+05:30  INFO 28240 --- [student-Registration] [main] o.s.m.s.b.SimpleBrokerMessageHandler     : BrokerAvailabilityEvent[available=true, SimpleBrokerMessageHandler [org.springframework.messaging.simp.broker.DefaultSubscriptionRegistry@3a95898c]]
2026-06-02T09:30:05.008+05:30  INFO 28240 --- [student-Registration] [main] o.s.m.s.b.SimpleBrokerMessageHandler     : Started.
2026-06-02T09:30:05.026+05:30  INFO 28240 --- [student-Registration] [main] .s.r.StudentRegistrationApplicationTests : Started StudentRegistrationApplicationTests in 9.739 seconds (process running for 10.822)
2026-06-02T09:30:05.519+05:30  INFO 28240 --- [student-Registration] [SpringApplicationShutdownHook] o.s.m.s.b.SimpleBrokerMessageHandler     : Stopping...
2026-06-02T09:30:05.519+05:30  INFO 28240 --- [student-Registration] [SpringApplicationShutdownHook] o.s.m.s.b.SimpleBrokerMessageHandler     : BrokerAvailabilityEvent[available=false, SimpleBrokerMessageHandler [org.springframework.messaging.simp.broker.DefaultSubscriptionRegistry@3a95898c]]
2026-06-02T09:30:05.519+05:30  INFO 28240 --- [student-Registration] [SpringApplicationShutdownHook] o.s.m.s.b.SimpleBrokerMessageHandler     : Stopped.
2026-06-02T09:30:05.531+05:30  INFO 28240 --- [student-Registration] [SpringApplicationShutdownHook] j.LocalContainerEntityManagerFactoryBean : Closing JPA EntityManagerFactory for persistence unit 'default'
2026-06-02T09:30:05.533+05:30  INFO 28240 --- [student-Registration] [SpringApplicationShutdownHook] com.zaxxer.hikari.HikariDataSource       : HikariPool-1 - Shutdown initiated...
2026-06-02T09:30:05.565+05:30  INFO 28240 --- [student-Registration] [SpringApplicationShutdownHook] com.zaxxer.hikari.HikariDataSource       : HikariPool-1 - Shutdown completed.
2026-06-02T09:30:20.938+05:30  INFO 1704 --- [student-Registration] [restartedMain] c.s.r.StudentRegistrationApplication     : Starting StudentRegistrationApplication using Java 17.0.3 with PID 1704 (D:\RCSC_SPRMS\SPRMS_BACKEND\SPRMS_STUDENT_REGISTRATION\target\classes started by eCMS in D:\RCSC_SPRMS\SPRMS_BACKEND\SPRMS_STUDENT_REGISTRATION)
2026-06-02T09:30:20.941+05:30  INFO 1704 --- [student-Registration] [restartedMain] c.s.r.StudentRegistrationApplication     : The following 1 profile is active: "dev"
2026-06-02T09:30:20.984+05:30  INFO 1704 --- [student-Registration] [restartedMain] .e.DevToolsPropertyDefaultsPostProcessor : Devtools property defaults active! Set 'spring.devtools.add-properties' to 'false' to disable
2026-06-02T09:30:20.984+05:30  INFO 1704 --- [student-Registration] [restartedMain] .e.DevToolsPropertyDefaultsPostProcessor : For additional web related logging consider setting the 'logging.level.web' property to 'DEBUG'
2026-06-02T09:30:23.070+05:30  INFO 1704 --- [student-Registration] [restartedMain] .s.d.r.c.RepositoryConfigurationDelegate : Bootstrapping Spring Data JPA repositories in DEFAULT mode.
2026-06-02T09:30:23.213+05:30  INFO 1704 --- [student-Registration] [restartedMain] .s.d.r.c.RepositoryConfigurationDelegate : Finished Spring Data repository scanning in 137 ms. Found 7 JPA repository interfaces.
2026-06-02T09:30:23.915+05:30  INFO 1704 --- [student-Registration] [restartedMain] o.s.b.w.embedded.tomcat.TomcatWebServer  : Tomcat initialized with port 8081 (http)
2026-06-02T09:30:23.925+05:30  INFO 1704 --- [student-Registration] [restartedMain] o.apache.catalina.core.StandardService   : Starting service [Tomcat]
2026-06-02T09:30:23.926+05:30  INFO 1704 --- [student-Registration] [restartedMain] o.apache.catalina.core.StandardEngine    : Starting Servlet engine: [Apache Tomcat/10.1.31]
2026-06-02T09:30:23.968+05:30  INFO 1704 --- [student-Registration] [restartedMain] o.a.c.c.C.[Tomcat].[localhost].[/]       : Initializing Spring embedded WebApplicationContext
2026-06-02T09:30:23.969+05:30  INFO 1704 --- [student-Registration] [restartedMain] w.s.c.ServletWebServerApplicationContext : Root WebApplicationContext: initialization completed in 2983 ms
2026-06-02T09:30:24.129+05:30  INFO 1704 --- [student-Registration] [restartedMain] o.hibernate.jpa.internal.util.LogHelper  : HHH000204: Processing PersistenceUnitInfo [name: default]
2026-06-02T09:30:24.164+05:30  INFO 1704 --- [student-Registration] [restartedMain] org.hibernate.Version                    : HHH000412: Hibernate ORM core version 6.5.3.Final
2026-06-02T09:30:24.185+05:30  INFO 1704 --- [student-Registration] [restartedMain] o.h.c.internal.RegionFactoryInitiator    : HHH000026: Second-level cache disabled
2026-06-02T09:30:24.365+05:30  INFO 1704 --- [student-Registration] [restartedMain] o.s.o.j.p.SpringPersistenceUnitInfo      : No LoadTimeWeaver setup: ignoring JPA class transformer
2026-06-02T09:30:24.385+05:30  INFO 1704 --- [student-Registration] [restartedMain] com.zaxxer.hikari.HikariDataSource       : HikariPool-1 - Starting...
2026-06-02T09:30:24.638+05:30  INFO 1704 --- [student-Registration] [restartedMain] com.zaxxer.hikari.pool.HikariPool        : HikariPool-1 - Added connection com.mysql.cj.jdbc.ConnectionImpl@2d0f1a3e
2026-06-02T09:30:24.642+05:30  INFO 1704 --- [student-Registration] [restartedMain] com.zaxxer.hikari.HikariDataSource       : HikariPool-1 - Start completed.
2026-06-02T09:30:24.692+05:30  WARN 1704 --- [student-Registration] [restartedMain] org.hibernate.orm.deprecation            : HHH90000025: MySQLDialect does not need to be specified explicitly using 'hibernate.dialect' (remove the property setting and it will be selected by default)
2026-06-02T09:30:25.512+05:30  INFO 1704 --- [student-Registration] [restartedMain] o.h.e.t.j.p.i.JtaPlatformInitiator       : HHH000489: No JTA platform available (set 'hibernate.transaction.jta.platform' to enable JTA platform integration)
2026-06-02T09:30:25.737+05:30  INFO 1704 --- [student-Registration] [restartedMain] j.LocalContainerEntityManagerFactoryBean : Initialized JPA EntityManagerFactory for persistence unit 'default'
2026-06-02T09:30:26.592+05:30  INFO 1704 --- [student-Registration] [restartedMain] c.s.r.config.Resilience4jConfig          : Retry listener registered for bcseaApi
2026-06-02T09:30:26.788+05:30  WARN 1704 --- [student-Registration] [restartedMain] JpaBaseConfiguration$JpaWebConfiguration : spring.jpa.open-in-view is enabled by default. Therefore, database queries may be performed during view rendering. Explicitly configure spring.jpa.open-in-view to disable this warning
2026-06-02T09:30:27.472+05:30  WARN 1704 --- [student-Registration] [restartedMain] o.s.b.d.a.OptionalLiveReloadServer       : Unable to start LiveReload server
2026-06-02T09:30:27.513+05:30  INFO 1704 --- [student-Registration] [restartedMain] o.s.b.w.embedded.tomcat.TomcatWebServer  : Tomcat started on port 8081 (http) with context path '/'
2026-06-02T09:30:27.514+05:30  INFO 1704 --- [student-Registration] [restartedMain] o.s.m.s.b.SimpleBrokerMessageHandler     : Starting...
2026-06-02T09:30:27.515+05:30  INFO 1704 --- [student-Registration] [restartedMain] o.s.m.s.b.SimpleBrokerMessageHandler     : BrokerAvailabilityEvent[available=true, SimpleBrokerMessageHandler [org.springframework.messaging.simp.broker.DefaultSubscriptionRegistry@668354cf]]
2026-06-02T09:30:27.516+05:30  INFO 1704 --- [student-Registration] [restartedMain] o.s.m.s.b.SimpleBrokerMessageHandler     : Started.
2026-06-02T09:30:27.525+05:30  INFO 1704 --- [student-Registration] [restartedMain] c.s.r.StudentRegistrationApplication     : Started StudentRegistrationApplication in 6.883 seconds (process running for 7.523)
2026-06-02T09:30:33.120+05:30  INFO 1704 --- [student-Registration] [http-nio-8081-exec-1] o.a.c.c.C.[Tomcat].[localhost].[/]       : Initializing Spring DispatcherServlet 'dispatcherServlet'
2026-06-02T09:30:33.121+05:30  INFO 1704 --- [student-Registration] [http-nio-8081-exec-1] o.s.web.servlet.DispatcherServlet        : Initializing Servlet 'dispatcherServlet'
2026-06-02T09:30:33.123+05:30  INFO 1704 --- [student-Registration] [http-nio-8081-exec-1] o.s.web.servlet.DispatcherServlet        : Completed initialization in 2 ms
2026-06-02T09:31:27.510+05:30  INFO 1704 --- [student-Registration] [MessageBroker-1] o.s.w.s.c.WebSocketMessageBrokerStats    : WebSocketSession[0 current WS(0)-HttpStream(0)-HttpPoll(0), 0 total, 0 closed abnormally (0 connect failure, 0 send limit, 0 transport error)], stompSubProtocol[processed CONNECT(0)-CONNECTED(0)-DISCONNECT(0)], stompBrokerRelay[null], inboundChannel[pool size = 0, active threads = 0, queued tasks = 0, completed tasks = 0], outboundChannel[pool size = 0, active threads = 0, queued tasks = 0, completed tasks = 0], sockJsScheduler[pool size = 1, active threads = 1, queued tasks = 0, completed tasks = 0]
2026-06-02T09:34:15.501+05:30  INFO 1704 --- [student-Registration] [RMI TCP Connection(2)-127.0.0.1] inMXBeanRegistrar$SpringApplicationAdmin : Application shutdown requested.
2026-06-02T09:34:15.504+05:30  INFO 1704 --- [student-Registration] [RMI TCP Connection(2)-127.0.0.1] o.s.m.s.b.SimpleBrokerMessageHandler     : Stopping...
2026-06-02T09:34:15.504+05:30  INFO 1704 --- [student-Registration] [RMI TCP Connection(2)-127.0.0.1] o.s.m.s.b.SimpleBrokerMessageHandler     : BrokerAvailabilityEvent[available=false, SimpleBrokerMessageHandler [org.springframework.messaging.simp.broker.DefaultSubscriptionRegistry@668354cf]]
2026-06-02T09:34:15.504+05:30  INFO 1704 --- [student-Registration] [RMI TCP Connection(2)-127.0.0.1] o.s.m.s.b.SimpleBrokerMessageHandler     : Stopped.
2026-06-02T09:34:15.739+05:30  INFO 1704 --- [student-Registration] [RMI TCP Connection(2)-127.0.0.1] j.LocalContainerEntityManagerFactoryBean : Closing JPA EntityManagerFactory for persistence unit 'default'
2026-06-02T09:34:15.742+05:30  INFO 1704 --- [student-Registration] [RMI TCP Connection(2)-127.0.0.1] com.zaxxer.hikari.HikariDataSource       : HikariPool-1 - Shutdown initiated...
2026-06-02T09:34:15.759+05:30  INFO 1704 --- [student-Registration] [RMI TCP Connection(2)-127.0.0.1] com.zaxxer.hikari.HikariDataSource       : HikariPool-1 - Shutdown completed.
2026-06-02T10:06:25.762+05:30  INFO 25364 --- [student-Registration] [main] .s.r.StudentRegistrationApplicationTests : Starting StudentRegistrationApplicationTests using Java 17 with PID 25364 (started by eCMS in D:\RCSC_SPRMS\SPRMS_BACKEND\SPRMS_STUDENT_REGISTRATION)
2026-06-02T10:06:25.764+05:30  INFO 25364 --- [student-Registration] [main] .s.r.StudentRegistrationApplicationTests : The following 1 profile is active: "dev"
2026-06-02T10:06:26.885+05:30  INFO 25364 --- [student-Registration] [main] .s.d.r.c.RepositoryConfigurationDelegate : Bootstrapping Spring Data JPA repositories in DEFAULT mode.
2026-06-02T10:06:27.051+05:30  INFO 25364 --- [student-Registration] [main] .s.d.r.c.RepositoryConfigurationDelegate : Finished Spring Data repository scanning in 159 ms. Found 7 JPA repository interfaces.
2026-06-02T10:06:28.471+05:30  INFO 25364 --- [student-Registration] [main] o.hibernate.jpa.internal.util.LogHelper  : HHH000204: Processing PersistenceUnitInfo [name: default]
2026-06-02T10:06:28.600+05:30  INFO 25364 --- [student-Registration] [main] org.hibernate.Version                    : HHH000412: Hibernate ORM core version 6.5.3.Final
2026-06-02T10:06:28.640+05:30  INFO 25364 --- [student-Registration] [main] o.h.c.internal.RegionFactoryInitiator    : HHH000026: Second-level cache disabled
2026-06-02T10:06:28.972+05:30  INFO 25364 --- [student-Registration] [main] o.s.o.j.p.SpringPersistenceUnitInfo      : No LoadTimeWeaver setup: ignoring JPA class transformer
2026-06-02T10:06:29.002+05:30  INFO 25364 --- [student-Registration] [main] com.zaxxer.hikari.HikariDataSource       : HikariPool-1 - Starting...
2026-06-02T10:06:29.393+05:30  INFO 25364 --- [student-Registration] [main] com.zaxxer.hikari.pool.HikariPool        : HikariPool-1 - Added connection com.mysql.cj.jdbc.ConnectionImpl@62808e9e
2026-06-02T10:06:29.399+05:30  INFO 25364 --- [student-Registration] [main] com.zaxxer.hikari.HikariDataSource       : HikariPool-1 - Start completed.
2026-06-02T10:06:29.476+05:30  WARN 25364 --- [student-Registration] [main] org.hibernate.orm.deprecation            : HHH90000025: MySQLDialect does not need to be specified explicitly using 'hibernate.dialect' (remove the property setting and it will be selected by default)
2026-06-02T10:06:30.546+05:30  INFO 25364 --- [student-Registration] [main] o.h.e.t.j.p.i.JtaPlatformInitiator       : HHH000489: No JTA platform available (set 'hibernate.transaction.jta.platform' to enable JTA platform integration)
2026-06-02T10:06:30.795+05:30  INFO 25364 --- [student-Registration] [main] j.LocalContainerEntityManagerFactoryBean : Initialized JPA EntityManagerFactory for persistence unit 'default'
2026-06-02T10:06:32.954+05:30  INFO 25364 --- [student-Registration] [main] c.s.r.config.Resilience4jConfig          : Retry listener registered for bcseaApi
2026-06-02T10:06:33.457+05:30  WARN 25364 --- [student-Registration] [main] JpaBaseConfiguration$JpaWebConfiguration : spring.jpa.open-in-view is enabled by default. Therefore, database queries may be performed during view rendering. Explicitly configure spring.jpa.open-in-view to disable this warning
2026-06-02T10:06:34.763+05:30  INFO 25364 --- [student-Registration] [main] o.s.m.s.b.SimpleBrokerMessageHandler     : Starting...
2026-06-02T10:06:34.764+05:30  INFO 25364 --- [student-Registration] [main] o.s.m.s.b.SimpleBrokerMessageHandler     : BrokerAvailabilityEvent[available=true, SimpleBrokerMessageHandler [org.springframework.messaging.simp.broker.DefaultSubscriptionRegistry@48e0d3a7]]
2026-06-02T10:06:34.766+05:30  INFO 25364 --- [student-Registration] [main] o.s.m.s.b.SimpleBrokerMessageHandler     : Started.
2026-06-02T10:06:34.778+05:30  INFO 25364 --- [student-Registration] [main] .s.r.StudentRegistrationApplicationTests : Started StudentRegistrationApplicationTests in 9.37 seconds (process running for 10.442)
2026-06-02T10:06:35.287+05:30  INFO 25364 --- [student-Registration] [SpringApplicationShutdownHook] o.s.m.s.b.SimpleBrokerMessageHandler     : Stopping...
2026-06-02T10:06:35.288+05:30  INFO 25364 --- [student-Registration] [SpringApplicationShutdownHook] o.s.m.s.b.SimpleBrokerMessageHandler     : BrokerAvailabilityEvent[available=false, SimpleBrokerMessageHandler [org.springframework.messaging.simp.broker.DefaultSubscriptionRegistry@48e0d3a7]]
2026-06-02T10:06:35.288+05:30  INFO 25364 --- [student-Registration] [SpringApplicationShutdownHook] o.s.m.s.b.SimpleBrokerMessageHandler     : Stopped.
2026-06-02T10:06:35.305+05:30  INFO 25364 --- [student-Registration] [SpringApplicationShutdownHook] j.LocalContainerEntityManagerFactoryBean : Closing JPA EntityManagerFactory for persistence unit 'default'
2026-06-02T10:06:35.308+05:30  INFO 25364 --- [student-Registration] [SpringApplicationShutdownHook] com.zaxxer.hikari.HikariDataSource       : HikariPool-1 - Shutdown initiated...
2026-06-02T10:06:35.333+05:30  INFO 25364 --- [student-Registration] [SpringApplicationShutdownHook] com.zaxxer.hikari.HikariDataSource       : HikariPool-1 - Shutdown completed.
2026-06-02T10:12:24.490+05:30  INFO 25396 --- [student-Registration] [main] .s.r.StudentRegistrationApplicationTests : Starting StudentRegistrationApplicationTests using Java 17 with PID 25396 (started by eCMS in D:\RCSC_SPRMS\SPRMS_BACKEND\SPRMS_STUDENT_REGISTRATION)
2026-06-02T10:12:24.492+05:30  INFO 25396 --- [student-Registration] [main] .s.r.StudentRegistrationApplicationTests : The following 1 profile is active: "dev"
2026-06-02T10:12:25.211+05:30  INFO 25396 --- [student-Registration] [main] .s.d.r.c.RepositoryConfigurationDelegate : Bootstrapping Spring Data JPA repositories in DEFAULT mode.
2026-06-02T10:12:25.331+05:30  INFO 25396 --- [student-Registration] [main] .s.d.r.c.RepositoryConfigurationDelegate : Finished Spring Data repository scanning in 113 ms. Found 7 JPA repository interfaces.
2026-06-02T10:12:26.316+05:30  INFO 25396 --- [student-Registration] [main] o.hibernate.jpa.internal.util.LogHelper  : HHH000204: Processing PersistenceUnitInfo [name: default]
2026-06-02T10:12:26.380+05:30  INFO 25396 --- [student-Registration] [main] org.hibernate.Version                    : HHH000412: Hibernate ORM core version 6.5.3.Final
2026-06-02T10:12:26.414+05:30  INFO 25396 --- [student-Registration] [main] o.h.c.internal.RegionFactoryInitiator    : HHH000026: Second-level cache disabled
2026-06-02T10:12:26.696+05:30  INFO 25396 --- [student-Registration] [main] o.s.o.j.p.SpringPersistenceUnitInfo      : No LoadTimeWeaver setup: ignoring JPA class transformer
2026-06-02T10:12:26.717+05:30  INFO 25396 --- [student-Registration] [main] com.zaxxer.hikari.HikariDataSource       : HikariPool-1 - Starting...
2026-06-02T10:12:26.980+05:30  INFO 25396 --- [student-Registration] [main] com.zaxxer.hikari.pool.HikariPool        : HikariPool-1 - Added connection com.mysql.cj.jdbc.ConnectionImpl@40aad17d
2026-06-02T10:12:26.982+05:30  INFO 25396 --- [student-Registration] [main] com.zaxxer.hikari.HikariDataSource       : HikariPool-1 - Start completed.
2026-06-02T10:12:27.028+05:30  WARN 25396 --- [student-Registration] [main] org.hibernate.orm.deprecation            : HHH90000025: MySQLDialect does not need to be specified explicitly using 'hibernate.dialect' (remove the property setting and it will be selected by default)
2026-06-02T10:12:27.859+05:30  INFO 25396 --- [student-Registration] [main] o.h.e.t.j.p.i.JtaPlatformInitiator       : HHH000489: No JTA platform available (set 'hibernate.transaction.jta.platform' to enable JTA platform integration)
2026-06-02T10:12:28.115+05:30  INFO 25396 --- [student-Registration] [main] j.LocalContainerEntityManagerFactoryBean : Initialized JPA EntityManagerFactory for persistence unit 'default'
2026-06-02T10:12:29.879+05:30  INFO 25396 --- [student-Registration] [main] c.s.r.config.Resilience4jConfig          : Retry listener registered for bcseaApi
2026-06-02T10:12:30.237+05:30  WARN 25396 --- [student-Registration] [main] JpaBaseConfiguration$JpaWebConfiguration : spring.jpa.open-in-view is enabled by default. Therefore, database queries may be performed during view rendering. Explicitly configure spring.jpa.open-in-view to disable this warning
2026-06-02T10:12:31.318+05:30  INFO 25396 --- [student-Registration] [main] o.s.m.s.b.SimpleBrokerMessageHandler     : Starting...
2026-06-02T10:12:31.319+05:30  INFO 25396 --- [student-Registration] [main] o.s.m.s.b.SimpleBrokerMessageHandler     : BrokerAvailabilityEvent[available=true, SimpleBrokerMessageHandler [org.springframework.messaging.simp.broker.DefaultSubscriptionRegistry@4835e10a]]
2026-06-02T10:12:31.320+05:30  INFO 25396 --- [student-Registration] [main] o.s.m.s.b.SimpleBrokerMessageHandler     : Started.
2026-06-02T10:12:31.326+05:30  INFO 25396 --- [student-Registration] [main] .s.r.StudentRegistrationApplicationTests : Started StudentRegistrationApplicationTests in 7.051 seconds (process running for 7.813)
2026-06-02T10:12:31.639+05:30  INFO 25396 --- [student-Registration] [SpringApplicationShutdownHook] o.s.m.s.b.SimpleBrokerMessageHandler     : Stopping...
2026-06-02T10:12:31.640+05:30  INFO 25396 --- [student-Registration] [SpringApplicationShutdownHook] o.s.m.s.b.SimpleBrokerMessageHandler     : BrokerAvailabilityEvent[available=false, SimpleBrokerMessageHandler [org.springframework.messaging.simp.broker.DefaultSubscriptionRegistry@4835e10a]]
2026-06-02T10:12:31.640+05:30  INFO 25396 --- [student-Registration] [SpringApplicationShutdownHook] o.s.m.s.b.SimpleBrokerMessageHandler     : Stopped.
2026-06-02T10:12:31.648+05:30  INFO 25396 --- [student-Registration] [SpringApplicationShutdownHook] j.LocalContainerEntityManagerFactoryBean : Closing JPA EntityManagerFactory for persistence unit 'default'
2026-06-02T10:12:31.650+05:30  INFO 25396 --- [student-Registration] [SpringApplicationShutdownHook] com.zaxxer.hikari.HikariDataSource       : HikariPool-1 - Shutdown initiated...
2026-06-02T10:12:31.669+05:30  INFO 25396 --- [student-Registration] [SpringApplicationShutdownHook] com.zaxxer.hikari.HikariDataSource       : HikariPool-1 - Shutdown completed.
2026-06-02T11:08:18.331+05:30  INFO 12320 --- [student-Registration] [main] .s.r.StudentRegistrationApplicationTests : Starting StudentRegistrationApplicationTests using Java 17 with PID 12320 (started by eCMS in D:\RCSC_SPRMS\SPRMS_BACKEND\SPRMS_STUDENT_REGISTRATION)
2026-06-02T11:08:18.332+05:30  INFO 12320 --- [student-Registration] [main] .s.r.StudentRegistrationApplicationTests : The following 1 profile is active: "dev"
2026-06-02T11:08:18.968+05:30  INFO 12320 --- [student-Registration] [main] .s.d.r.c.RepositoryConfigurationDelegate : Bootstrapping Spring Data JPA repositories in DEFAULT mode.
2026-06-02T11:08:19.082+05:30  INFO 12320 --- [student-Registration] [main] .s.d.r.c.RepositoryConfigurationDelegate : Finished Spring Data repository scanning in 107 ms. Found 7 JPA repository interfaces.
2026-06-02T11:08:19.954+05:30  INFO 12320 --- [student-Registration] [main] o.hibernate.jpa.internal.util.LogHelper  : HHH000204: Processing PersistenceUnitInfo [name: default]
2026-06-02T11:08:20.025+05:30  INFO 12320 --- [student-Registration] [main] org.hibernate.Version                    : HHH000412: Hibernate ORM core version 6.5.3.Final
2026-06-02T11:08:20.051+05:30  INFO 12320 --- [student-Registration] [main] o.h.c.internal.RegionFactoryInitiator    : HHH000026: Second-level cache disabled
2026-06-02T11:08:20.257+05:30  INFO 12320 --- [student-Registration] [main] o.s.o.j.p.SpringPersistenceUnitInfo      : No LoadTimeWeaver setup: ignoring JPA class transformer
2026-06-02T11:08:20.281+05:30  INFO 12320 --- [student-Registration] [main] com.zaxxer.hikari.HikariDataSource       : HikariPool-1 - Starting...
2026-06-02T11:08:20.510+05:30  INFO 12320 --- [student-Registration] [main] com.zaxxer.hikari.pool.HikariPool        : HikariPool-1 - Added connection com.mysql.cj.jdbc.ConnectionImpl@720ffab4
2026-06-02T11:08:20.512+05:30  INFO 12320 --- [student-Registration] [main] com.zaxxer.hikari.HikariDataSource       : HikariPool-1 - Start completed.
2026-06-02T11:08:20.553+05:30  WARN 12320 --- [student-Registration] [main] org.hibernate.orm.deprecation            : HHH90000025: MySQLDialect does not need to be specified explicitly using 'hibernate.dialect' (remove the property setting and it will be selected by default)
2026-06-02T11:08:21.254+05:30  INFO 12320 --- [student-Registration] [main] o.h.e.t.j.p.i.JtaPlatformInitiator       : HHH000489: No JTA platform available (set 'hibernate.transaction.jta.platform' to enable JTA platform integration)
2026-06-02T11:08:21.459+05:30  INFO 12320 --- [student-Registration] [main] j.LocalContainerEntityManagerFactoryBean : Initialized JPA EntityManagerFactory for persistence unit 'default'
2026-06-02T11:08:22.879+05:30  INFO 12320 --- [student-Registration] [main] c.s.r.config.Resilience4jConfig          : Retry listener registered for bcseaApi
2026-06-02T11:08:23.161+05:30  WARN 12320 --- [student-Registration] [main] JpaBaseConfiguration$JpaWebConfiguration : spring.jpa.open-in-view is enabled by default. Therefore, database queries may be performed during view rendering. Explicitly configure spring.jpa.open-in-view to disable this warning
2026-06-02T11:08:23.920+05:30  INFO 12320 --- [student-Registration] [main] o.s.m.s.b.SimpleBrokerMessageHandler     : Starting...
2026-06-02T11:08:23.921+05:30  INFO 12320 --- [student-Registration] [main] o.s.m.s.b.SimpleBrokerMessageHandler     : BrokerAvailabilityEvent[available=true, SimpleBrokerMessageHandler [org.springframework.messaging.simp.broker.DefaultSubscriptionRegistry@1daf79ab]]
2026-06-02T11:08:23.922+05:30  INFO 12320 --- [student-Registration] [main] o.s.m.s.b.SimpleBrokerMessageHandler     : Started.
2026-06-02T11:08:23.931+05:30  INFO 12320 --- [student-Registration] [main] .s.r.StudentRegistrationApplicationTests : Started StudentRegistrationApplicationTests in 5.84 seconds (process running for 6.46)
2026-06-02T11:08:24.235+05:30  INFO 12320 --- [student-Registration] [SpringApplicationShutdownHook] o.s.m.s.b.SimpleBrokerMessageHandler     : Stopping...
2026-06-02T11:08:24.236+05:30  INFO 12320 --- [student-Registration] [SpringApplicationShutdownHook] o.s.m.s.b.SimpleBrokerMessageHandler     : BrokerAvailabilityEvent[available=false, SimpleBrokerMessageHandler [org.springframework.messaging.simp.broker.DefaultSubscriptionRegistry@1daf79ab]]
2026-06-02T11:08:24.236+05:30  INFO 12320 --- [student-Registration] [SpringApplicationShutdownHook] o.s.m.s.b.SimpleBrokerMessageHandler     : Stopped.
2026-06-02T11:08:24.246+05:30  INFO 12320 --- [student-Registration] [SpringApplicationShutdownHook] j.LocalContainerEntityManagerFactoryBean : Closing JPA EntityManagerFactory for persistence unit 'default'
2026-06-02T11:08:24.248+05:30  INFO 12320 --- [student-Registration] [SpringApplicationShutdownHook] com.zaxxer.hikari.HikariDataSource       : HikariPool-1 - Shutdown initiated...
2026-06-02T11:08:24.264+05:30  INFO 12320 --- [student-Registration] [SpringApplicationShutdownHook] com.zaxxer.hikari.HikariDataSource       : HikariPool-1 - Shutdown completed.
2026-06-02T11:09:21.108+05:30  INFO 9820 --- [student-Registration] [main] .s.r.StudentRegistrationApplicationTests : Starting StudentRegistrationApplicationTests using Java 17 with PID 9820 (started by eCMS in D:\RCSC_SPRMS\SPRMS_BACKEND\SPRMS_STUDENT_REGISTRATION)
2026-06-02T11:09:21.109+05:30  INFO 9820 --- [student-Registration] [main] .s.r.StudentRegistrationApplicationTests : The following 1 profile is active: "dev"
2026-06-02T11:09:21.747+05:30  INFO 9820 --- [student-Registration] [main] .s.d.r.c.RepositoryConfigurationDelegate : Bootstrapping Spring Data JPA repositories in DEFAULT mode.
2026-06-02T11:09:21.854+05:30  INFO 9820 --- [student-Registration] [main] .s.d.r.c.RepositoryConfigurationDelegate : Finished Spring Data repository scanning in 100 ms. Found 7 JPA repository interfaces.
2026-06-02T11:09:22.652+05:30  INFO 9820 --- [student-Registration] [main] o.hibernate.jpa.internal.util.LogHelper  : HHH000204: Processing PersistenceUnitInfo [name: default]
2026-06-02T11:09:22.706+05:30  INFO 9820 --- [student-Registration] [main] org.hibernate.Version                    : HHH000412: Hibernate ORM core version 6.5.3.Final
2026-06-02T11:09:22.734+05:30  INFO 9820 --- [student-Registration] [main] o.h.c.internal.RegionFactoryInitiator    : HHH000026: Second-level cache disabled
2026-06-02T11:09:22.949+05:30  INFO 9820 --- [student-Registration] [main] o.s.o.j.p.SpringPersistenceUnitInfo      : No LoadTimeWeaver setup: ignoring JPA class transformer
2026-06-02T11:09:22.968+05:30  INFO 9820 --- [student-Registration] [main] com.zaxxer.hikari.HikariDataSource       : HikariPool-1 - Starting...
2026-06-02T11:09:23.194+05:30  INFO 9820 --- [student-Registration] [main] com.zaxxer.hikari.pool.HikariPool        : HikariPool-1 - Added connection com.mysql.cj.jdbc.ConnectionImpl@50c2ef56
2026-06-02T11:09:23.196+05:30  INFO 9820 --- [student-Registration] [main] com.zaxxer.hikari.HikariDataSource       : HikariPool-1 - Start completed.
2026-06-02T11:09:23.240+05:30  WARN 9820 --- [student-Registration] [main] org.hibernate.orm.deprecation            : HHH90000025: MySQLDialect does not need to be specified explicitly using 'hibernate.dialect' (remove the property setting and it will be selected by default)
2026-06-02T11:09:23.965+05:30  INFO 9820 --- [student-Registration] [main] o.h.e.t.j.p.i.JtaPlatformInitiator       : HHH000489: No JTA platform available (set 'hibernate.transaction.jta.platform' to enable JTA platform integration)
2026-06-02T11:09:24.152+05:30  INFO 9820 --- [student-Registration] [main] j.LocalContainerEntityManagerFactoryBean : Initialized JPA EntityManagerFactory for persistence unit 'default'
2026-06-02T11:09:25.522+05:30  INFO 9820 --- [student-Registration] [main] c.s.r.config.Resilience4jConfig          : Retry listener registered for bcseaApi
2026-06-02T11:09:25.817+05:30  WARN 9820 --- [student-Registration] [main] JpaBaseConfiguration$JpaWebConfiguration : spring.jpa.open-in-view is enabled by default. Therefore, database queries may be performed during view rendering. Explicitly configure spring.jpa.open-in-view to disable this warning
2026-06-02T11:09:26.622+05:30  INFO 9820 --- [student-Registration] [main] o.s.m.s.b.SimpleBrokerMessageHandler     : Starting...
2026-06-02T11:09:26.623+05:30  INFO 9820 --- [student-Registration] [main] o.s.m.s.b.SimpleBrokerMessageHandler     : BrokerAvailabilityEvent[available=true, SimpleBrokerMessageHandler [org.springframework.messaging.simp.broker.DefaultSubscriptionRegistry@9a1b870]]
2026-06-02T11:09:26.623+05:30  INFO 9820 --- [student-Registration] [main] o.s.m.s.b.SimpleBrokerMessageHandler     : Started.
2026-06-02T11:09:26.628+05:30  INFO 9820 --- [student-Registration] [main] .s.r.StudentRegistrationApplicationTests : Started StudentRegistrationApplicationTests in 5.717 seconds (process running for 6.362)
2026-06-02T11:09:26.940+05:30  INFO 9820 --- [student-Registration] [SpringApplicationShutdownHook] o.s.m.s.b.SimpleBrokerMessageHandler     : Stopping...
2026-06-02T11:09:26.940+05:30  INFO 9820 --- [student-Registration] [SpringApplicationShutdownHook] o.s.m.s.b.SimpleBrokerMessageHandler     : BrokerAvailabilityEvent[available=false, SimpleBrokerMessageHandler [org.springframework.messaging.simp.broker.DefaultSubscriptionRegistry@9a1b870]]
2026-06-02T11:09:26.940+05:30  INFO 9820 --- [student-Registration] [SpringApplicationShutdownHook] o.s.m.s.b.SimpleBrokerMessageHandler     : Stopped.
2026-06-02T11:09:26.947+05:30  INFO 9820 --- [student-Registration] [SpringApplicationShutdownHook] j.LocalContainerEntityManagerFactoryBean : Closing JPA EntityManagerFactory for persistence unit 'default'
2026-06-02T11:09:26.949+05:30  INFO 9820 --- [student-Registration] [SpringApplicationShutdownHook] com.zaxxer.hikari.HikariDataSource       : HikariPool-1 - Shutdown initiated...
2026-06-02T11:09:26.962+05:30  INFO 9820 --- [student-Registration] [SpringApplicationShutdownHook] com.zaxxer.hikari.HikariDataSource       : HikariPool-1 - Shutdown completed.
2026-06-02T11:10:05.336+05:30  INFO 25292 --- [student-Registration] [main] .s.r.StudentRegistrationApplicationTests : Starting StudentRegistrationApplicationTests using Java 17 with PID 25292 (started by eCMS in D:\RCSC_SPRMS\SPRMS_BACKEND\SPRMS_STUDENT_REGISTRATION)
2026-06-02T11:10:05.338+05:30  INFO 25292 --- [student-Registration] [main] .s.r.StudentRegistrationApplicationTests : The following 1 profile is active: "dev"
2026-06-02T11:10:05.994+05:30  INFO 25292 --- [student-Registration] [main] .s.d.r.c.RepositoryConfigurationDelegate : Bootstrapping Spring Data JPA repositories in DEFAULT mode.
2026-06-02T11:10:06.114+05:30  INFO 25292 --- [student-Registration] [main] .s.d.r.c.RepositoryConfigurationDelegate : Finished Spring Data repository scanning in 113 ms. Found 7 JPA repository interfaces.
2026-06-02T11:10:06.874+05:30  INFO 25292 --- [student-Registration] [main] o.hibernate.jpa.internal.util.LogHelper  : HHH000204: Processing PersistenceUnitInfo [name: default]
2026-06-02T11:10:06.980+05:30  INFO 25292 --- [student-Registration] [main] org.hibernate.Version                    : HHH000412: Hibernate ORM core version 6.5.3.Final
2026-06-02T11:10:07.042+05:30  INFO 25292 --- [student-Registration] [main] o.h.c.internal.RegionFactoryInitiator    : HHH000026: Second-level cache disabled
2026-06-02T11:10:07.271+05:30  INFO 25292 --- [student-Registration] [main] o.s.o.j.p.SpringPersistenceUnitInfo      : No LoadTimeWeaver setup: ignoring JPA class transformer
2026-06-02T11:10:07.288+05:30  INFO 25292 --- [student-Registration] [main] com.zaxxer.hikari.HikariDataSource       : HikariPool-1 - Starting...
2026-06-02T11:10:07.521+05:30  INFO 25292 --- [student-Registration] [main] com.zaxxer.hikari.pool.HikariPool        : HikariPool-1 - Added connection com.mysql.cj.jdbc.ConnectionImpl@720ffab4
2026-06-02T11:10:07.522+05:30  INFO 25292 --- [student-Registration] [main] com.zaxxer.hikari.HikariDataSource       : HikariPool-1 - Start completed.
2026-06-02T11:10:07.567+05:30  WARN 25292 --- [student-Registration] [main] org.hibernate.orm.deprecation            : HHH90000025: MySQLDialect does not need to be specified explicitly using 'hibernate.dialect' (remove the property setting and it will be selected by default)
2026-06-02T11:10:08.244+05:30  INFO 25292 --- [student-Registration] [main] o.h.e.t.j.p.i.JtaPlatformInitiator       : HHH000489: No JTA platform available (set 'hibernate.transaction.jta.platform' to enable JTA platform integration)
2026-06-02T11:10:08.529+05:30  INFO 25292 --- [student-Registration] [main] j.LocalContainerEntityManagerFactoryBean : Initialized JPA EntityManagerFactory for persistence unit 'default'
2026-06-02T11:10:09.902+05:30  INFO 25292 --- [student-Registration] [main] c.s.r.config.Resilience4jConfig          : Retry listener registered for bcseaApi
2026-06-02T11:10:10.210+05:30  WARN 25292 --- [student-Registration] [main] JpaBaseConfiguration$JpaWebConfiguration : spring.jpa.open-in-view is enabled by default. Therefore, database queries may be performed during view rendering. Explicitly configure spring.jpa.open-in-view to disable this warning
2026-06-02T11:10:11.017+05:30  INFO 25292 --- [student-Registration] [main] o.s.m.s.b.SimpleBrokerMessageHandler     : Starting...
2026-06-02T11:10:11.017+05:30  INFO 25292 --- [student-Registration] [main] o.s.m.s.b.SimpleBrokerMessageHandler     : BrokerAvailabilityEvent[available=true, SimpleBrokerMessageHandler [org.springframework.messaging.simp.broker.DefaultSubscriptionRegistry@356285d9]]
2026-06-02T11:10:11.018+05:30  INFO 25292 --- [student-Registration] [main] o.s.m.s.b.SimpleBrokerMessageHandler     : Started.
2026-06-02T11:10:11.024+05:30  INFO 25292 --- [student-Registration] [main] .s.r.StudentRegistrationApplicationTests : Started StudentRegistrationApplicationTests in 5.889 seconds (process running for 6.518)
2026-06-02T11:10:11.324+05:30  INFO 25292 --- [student-Registration] [SpringApplicationShutdownHook] o.s.m.s.b.SimpleBrokerMessageHandler     : Stopping...
2026-06-02T11:10:11.324+05:30  INFO 25292 --- [student-Registration] [SpringApplicationShutdownHook] o.s.m.s.b.SimpleBrokerMessageHandler     : BrokerAvailabilityEvent[available=false, SimpleBrokerMessageHandler [org.springframework.messaging.simp.broker.DefaultSubscriptionRegistry@356285d9]]
2026-06-02T11:10:11.325+05:30  INFO 25292 --- [student-Registration] [SpringApplicationShutdownHook] o.s.m.s.b.SimpleBrokerMessageHandler     : Stopped.
2026-06-02T11:10:11.332+05:30  INFO 25292 --- [student-Registration] [SpringApplicationShutdownHook] j.LocalContainerEntityManagerFactoryBean : Closing JPA EntityManagerFactory for persistence unit 'default'
2026-06-02T11:10:11.334+05:30  INFO 25292 --- [student-Registration] [SpringApplicationShutdownHook] com.zaxxer.hikari.HikariDataSource       : HikariPool-1 - Shutdown initiated...
2026-06-02T11:10:11.354+05:30  INFO 25292 --- [student-Registration] [SpringApplicationShutdownHook] com.zaxxer.hikari.HikariDataSource       : HikariPool-1 - Shutdown completed.
